<?xml version="1.0" encoding="UTF-8"?>
<!-- Generated by org.testng.reporters.JUnitXMLReporter -->
<testsuite ignored="0" hostname="Agam-PC" failures="10" tests="16" name="Command line test" time="0.312" errors="0" timestamp="2023-02-09T00:31:20 IST">
  <testcase classname="com.db.dbi.sdda.accounts.CheckingTest" name="checkingBookingNoFunds" time="0.184"/>
  <testcase classname="com.db.dbi.sdda.accounts.CheckingTest" name="checkingBookingOk" time="0.001"/>
  <testcase classname="com.db.dbi.sdda.accounts.CheckingTest" name="positiveTransaction" time="0.001"/>
  <testcase classname="com.db.dbi.sdda.accounts.LoanTest" name="loanBookingNoFunds" time="0.001"/>
  <testcase classname="com.db.dbi.sdda.accounts.LoanTest" name="loanBookingOk" time="0.001"/>
  <testcase classname="com.db.dbi.sdda.accounts.LoanTest" name="loanBookingPositiveBalance" time="0.009">
    <failure type="java.lang.AssertionError" message="***WARNING***You have made positive booking expected [true] but found [false]">
      <![CDATA[java.lang.AssertionError: ***WARNING***You have made positive booking expected [true] but found [false]
at com.db.dbi.sdda.accounts.LoanTest.loanBookingPositiveBalance(LoanTest.java:37)
at java.base/java.util.ArrayList.forEach(ArrayList.java:1511)
... Removed 40 stack frames]]>
    </failure>
  </testcase> <!-- loanBookingPositiveBalance -->
  <testcase classname="com.db.dbi.sdda.accounts.LoanTest" name="zeroBalance" time="0.001">
    <failure type="java.lang.AssertionError" message="***WARNING***You have made positive booking expected [true] but found [false]">
      <![CDATA[java.lang.AssertionError: ***WARNING***You have made positive booking expected [true] but found [false]
at com.db.dbi.sdda.accounts.LoanTest.zeroBalance(LoanTest.java:54)
at java.base/java.util.ArrayList.forEach(ArrayList.java:1511)
... Removed 40 stack frames]]>
    </failure>
  </testcase> <!-- zeroBalance -->
  <testcase classname="com.db.dbi.sdda.accounts.SavingsTest" name="savingsBookingNoFunds" time="0.001">
    <failure type="java.lang.AssertionError" message="***WARNING***Your current balance is in negative expected [true] but found [false]">
      <![CDATA[java.lang.AssertionError: ***WARNING***Your current balance is in negative expected [true] but found [false]
at com.db.dbi.sdda.accounts.SavingsTest.savingsBookingNoFunds(SavingsTest.java:49)
at java.base/java.util.ArrayList.forEach(ArrayList.java:1511)
... Removed 40 stack frames]]>
    </failure>
  </testcase> <!-- savingsBookingNoFunds -->
  <testcase classname="com.db.dbi.sdda.accounts.SavingsTest" name="savingsBookingOk" time="0.001"/>
  <testcase classname="com.db.dbi.sdda.accounts.SavingsTest" name="savingsBookingSeveralBookingsOk" time="0.002">
    <failure type="java.lang.AssertionError" message="***WARNING***Your current balance is in negative expected [true] but found [false]">
      <![CDATA[java.lang.AssertionError: ***WARNING***Your current balance is in negative expected [true] but found [false]
at com.db.dbi.sdda.accounts.SavingsTest.savingsBookingSeveralBookingsOk(SavingsTest.java:41)
at java.base/java.util.ArrayList.forEach(ArrayList.java:1511)
... Removed 40 stack frames]]>
    </failure>
  </testcase> <!-- savingsBookingSeveralBookingsOk -->
  <testcase classname="com.db.dbi.sdda.bl.BookingExecutorTest" name="bookingCheckingNotEnoughFunds" time="0.001">
    <failure type="java.lang.NullPointerException" message="Cannot invoke &amp;quot;com.db.dbi.sdda.dto.ITransferResult.isTransferOk()&amp;quot; because &amp;quot;transferResult&amp;quot; is null">
      <![CDATA[java.lang.NullPointerException: Cannot invoke "com.db.dbi.sdda.dto.ITransferResult.isTransferOk()" because "transferResult" is null
at com.db.dbi.sdda.bl.BookingExecutorTest.bookingCheckingNotEnoughFunds(BookingExecutorTest.java:31)
at java.base/java.util.ArrayList.forEach(ArrayList.java:1511)
... Removed 37 stack frames]]>
    </failure>
  </testcase> <!-- bookingCheckingNotEnoughFunds -->
  <testcase classname="com.db.dbi.sdda.bl.BookingExecutorTest" name="bookingCheckingOk" time="0.001">
    <failure type="java.lang.NullPointerException" message="Cannot invoke &amp;quot;com.db.dbi.sdda.dto.ITransferResult.isTransferOk()&amp;quot; because &amp;quot;transferResult&amp;quot; is null">
      <![CDATA[java.lang.NullPointerException: Cannot invoke "com.db.dbi.sdda.dto.ITransferResult.isTransferOk()" because "transferResult" is null
at com.db.dbi.sdda.bl.BookingExecutorTest.bookingCheckingOk(BookingExecutorTest.java:23)
at java.base/java.util.ArrayList.forEach(ArrayList.java:1511)
... Removed 37 stack frames]]>
    </failure>
  </testcase> <!-- bookingCheckingOk -->
  <testcase classname="com.db.dbi.sdda.bl.BookingExecutorTest" name="bookingLoanFails" time="0.0">
    <failure type="java.lang.NullPointerException" message="Cannot invoke &amp;quot;com.db.dbi.sdda.dto.ITransferResult.isTransferOk()&amp;quot; because &amp;quot;transferResult&amp;quot; is null">
      <![CDATA[java.lang.NullPointerException: Cannot invoke "com.db.dbi.sdda.dto.ITransferResult.isTransferOk()" because "transferResult" is null
at com.db.dbi.sdda.bl.BookingExecutorTest.bookingLoanFails(BookingExecutorTest.java:64)
at java.base/java.util.ArrayList.forEach(ArrayList.java:1511)
... Removed 37 stack frames]]>
    </failure>
  </testcase> <!-- bookingLoanFails -->
  <testcase classname="com.db.dbi.sdda.bl.BookingExecutorTest" name="bookingLoanOk" time="0.0">
    <failure type="java.lang.NullPointerException" message="Cannot invoke &amp;quot;com.db.dbi.sdda.dto.ITransferResult.isTransferOk()&amp;quot; because &amp;quot;transferResult&amp;quot; is null">
      <![CDATA[java.lang.NullPointerException: Cannot invoke "com.db.dbi.sdda.dto.ITransferResult.isTransferOk()" because "transferResult" is null
at com.db.dbi.sdda.bl.BookingExecutorTest.bookingLoanOk(BookingExecutorTest.java:56)
at java.base/java.util.ArrayList.forEach(ArrayList.java:1511)
... Removed 37 stack frames]]>
    </failure>
  </testcase> <!-- bookingLoanOk -->
  <testcase classname="com.db.dbi.sdda.bl.BookingExecutorTest" name="bookingSavingsFails" time="0.0">
    <failure type="java.lang.NullPointerException" message="Cannot invoke &amp;quot;com.db.dbi.sdda.dto.ITransferResult.isTransferOk()&amp;quot; because &amp;quot;transferResult&amp;quot; is null">
      <![CDATA[java.lang.NullPointerException: Cannot invoke "com.db.dbi.sdda.dto.ITransferResult.isTransferOk()" because "transferResult" is null
at com.db.dbi.sdda.bl.BookingExecutorTest.bookingSavingsFails(BookingExecutorTest.java:48)
at java.base/java.util.ArrayList.forEach(ArrayList.java:1511)
... Removed 37 stack frames]]>
    </failure>
  </testcase> <!-- bookingSavingsFails -->
  <testcase classname="com.db.dbi.sdda.bl.BookingExecutorTest" name="bookingSavingsOk" time="0.0">
    <failure type="java.lang.NullPointerException" message="Cannot invoke &amp;quot;com.db.dbi.sdda.dto.ITransferResult.isTransferOk()&amp;quot; because &amp;quot;transferResult&amp;quot; is null">
      <![CDATA[java.lang.NullPointerException: Cannot invoke "com.db.dbi.sdda.dto.ITransferResult.isTransferOk()" because "transferResult" is null
at com.db.dbi.sdda.bl.BookingExecutorTest.bookingSavingsOk(BookingExecutorTest.java:40)
at java.base/java.util.ArrayList.forEach(ArrayList.java:1511)
... Removed 37 stack frames]]>
    </failure>
  </testcase> <!-- bookingSavingsOk -->
</testsuite> <!-- Command line test -->
