<?xml version="1.0" encoding="UTF-8" ?>
<testsuite tests="16" failures="10" name="TestSuite" time="0.208" errors="0" skipped="0">
  <properties>
[...]
</properties>
  <testcase classname="com.db.dbi.sdda.accounts.CheckingTest" name="checkingBookingNoFunds" time="0.186"/>
  <testcase classname="com.db.dbi.sdda.accounts.CheckingTest" name="checkingBookingOk" time="0"/>
  <testcase classname="com.db.dbi.sdda.accounts.CheckingTest" name="positiveTransaction" time="0"/>
  <testcase classname="com.db.dbi.sdda.accounts.LoanTest" name="loanBookingNoFunds" time="0"/>
  <testcase classname="com.db.dbi.sdda.accounts.LoanTest" name="loanBookingOk" time="0"/>
  <testcase classname="com.db.dbi.sdda.accounts.LoanTest" name="loanBookingPositiveBalance" time="0.013">
    <failure message="***WARNING***You have made positive booking expected [true] but found [false]" type="java.lang.AssertionError">java.lang.AssertionError: ***WARNING***You have made positive booking expected [true] but found [false]
	at org.testng.Assert.fail(Assert.java:110)
	at org.testng.Assert.failNotEquals(Assert.java:1577)
	at org.testng.Assert.assertTrue(Assert.java:56)
	at com.db.dbi.sdda.accounts.LoanTest.loanBookingPositiveBalance(LoanTest.java:37)
</failure>
    <system-out>Loan entered amount is EUR 5000
New loan balance is EUR 5000
</system-out>
  </testcase>
  <testcase classname="com.db.dbi.sdda.accounts.LoanTest" name="zeroBalance" time="0.001">
    <failure message="***WARNING***You have made positive booking expected [true] but found [false]" type="java.lang.AssertionError">java.lang.AssertionError: ***WARNING***You have made positive booking expected [true] but found [false]
	at org.testng.Assert.fail(Assert.java:110)
	at org.testng.Assert.failNotEquals(Assert.java:1577)
	at org.testng.Assert.assertTrue(Assert.java:56)
	at com.db.dbi.sdda.accounts.LoanTest.zeroBalance(LoanTest.java:54)
</failure>
    <system-out>Loan entered amount is EUR 0
Loan entered amount is EUR -4000
Loan entered amount is EUR 5000
Current balance is 1000
</system-out>
  </testcase>
  <testcase classname="com.db.dbi.sdda.accounts.SavingsTest" name="savingsBookingNoFunds" time="0.001">
    <failure message="***WARNING***Your current balance is in negative expected [true] but found [false]" type="java.lang.AssertionError">java.lang.AssertionError: ***WARNING***Your current balance is in negative expected [true] but found [false]
	at org.testng.Assert.fail(Assert.java:110)
	at org.testng.Assert.failNotEquals(Assert.java:1577)
	at org.testng.Assert.assertTrue(Assert.java:56)
	at com.db.dbi.sdda.accounts.SavingsTest.savingsBookingNoFunds(SavingsTest.java:49)
</failure>
    <system-out>Savings entered amount is EUR -5000
Your savings account balance is -5000
</system-out>
  </testcase>
  <testcase classname="com.db.dbi.sdda.accounts.SavingsTest" name="savingsBookingOk" time="0"/>
  <testcase classname="com.db.dbi.sdda.accounts.SavingsTest" name="savingsBookingSeveralBookingsOk" time="0.002">
    <failure message="***WARNING***Your current balance is in negative expected [true] but found [false]" type="java.lang.AssertionError">java.lang.AssertionError: ***WARNING***Your current balance is in negative expected [true] but found [false]
	at org.testng.Assert.fail(Assert.java:110)
	at org.testng.Assert.failNotEquals(Assert.java:1577)
	at org.testng.Assert.assertTrue(Assert.java:56)
	at com.db.dbi.sdda.accounts.SavingsTest.savingsBookingSeveralBookingsOk(SavingsTest.java:41)
</failure>
    <system-out>Savings entered amount is EUR -17
Savings entered amount is EUR 70.56
Savings entered amount is EUR 12.44
Savings entered amount is EUR -99
Current balance is -34
</system-out>
  </testcase>
  <testcase classname="com.db.dbi.sdda.bl.BookingExecutorTest" name="bookingCheckingNotEnoughFunds" time="0.002">
    <failure message="Cannot invoke &quot;com.db.dbi.sdda.dto.ITransferResult.isTransferOk()&quot; because &quot;transferResult&quot; is null" type="java.lang.NullPointerException">java.lang.NullPointerException: Cannot invoke &quot;com.db.dbi.sdda.dto.ITransferResult.isTransferOk()&quot; because &quot;transferResult&quot; is null
	at com.db.dbi.sdda.bl.BookingExecutorTest.bookingCheckingNotEnoughFunds(BookingExecutorTest.java:31)
</failure>
  </testcase>
  <testcase classname="com.db.dbi.sdda.bl.BookingExecutorTest" name="bookingCheckingOk" time="0">
    <failure message="Cannot invoke &quot;com.db.dbi.sdda.dto.ITransferResult.isTransferOk()&quot; because &quot;transferResult&quot; is null" type="java.lang.NullPointerException">java.lang.NullPointerException: Cannot invoke &quot;com.db.dbi.sdda.dto.ITransferResult.isTransferOk()&quot; because &quot;transferResult&quot; is null
	at com.db.dbi.sdda.bl.BookingExecutorTest.bookingCheckingOk(BookingExecutorTest.java:23)
</failure>
  </testcase>
  <testcase classname="com.db.dbi.sdda.bl.BookingExecutorTest" name="bookingLoanFails" time="0.001">
    <failure message="Cannot invoke &quot;com.db.dbi.sdda.dto.ITransferResult.isTransferOk()&quot; because &quot;transferResult&quot; is null" type="java.lang.NullPointerException">java.lang.NullPointerException: Cannot invoke &quot;com.db.dbi.sdda.dto.ITransferResult.isTransferOk()&quot; because &quot;transferResult&quot; is null
	at com.db.dbi.sdda.bl.BookingExecutorTest.bookingLoanFails(BookingExecutorTest.java:64)
</failure>
  </testcase>
  <testcase classname="com.db.dbi.sdda.bl.BookingExecutorTest" name="bookingLoanOk" time="0">
    <failure message="Cannot invoke &quot;com.db.dbi.sdda.dto.ITransferResult.isTransferOk()&quot; because &quot;transferResult&quot; is null" type="java.lang.NullPointerException">java.lang.NullPointerException: Cannot invoke &quot;com.db.dbi.sdda.dto.ITransferResult.isTransferOk()&quot; because &quot;transferResult&quot; is null
	at com.db.dbi.sdda.bl.BookingExecutorTest.bookingLoanOk(BookingExecutorTest.java:56)
</failure>
  </testcase>
  <testcase classname="com.db.dbi.sdda.bl.BookingExecutorTest" name="bookingSavingsFails" time="0.001">
    <failure message="Cannot invoke &quot;com.db.dbi.sdda.dto.ITransferResult.isTransferOk()&quot; because &quot;transferResult&quot; is null" type="java.lang.NullPointerException">java.lang.NullPointerException: Cannot invoke &quot;com.db.dbi.sdda.dto.ITransferResult.isTransferOk()&quot; because &quot;transferResult&quot; is null
	at com.db.dbi.sdda.bl.BookingExecutorTest.bookingSavingsFails(BookingExecutorTest.java:48)
</failure>
  </testcase>
  <testcase classname="com.db.dbi.sdda.bl.BookingExecutorTest" name="bookingSavingsOk" time="0.001">
    <failure message="Cannot invoke &quot;com.db.dbi.sdda.dto.ITransferResult.isTransferOk()&quot; because &quot;transferResult&quot; is null" type="java.lang.NullPointerException">java.lang.NullPointerException: Cannot invoke &quot;com.db.dbi.sdda.dto.ITransferResult.isTransferOk()&quot; because &quot;transferResult&quot; is null
	at com.db.dbi.sdda.bl.BookingExecutorTest.bookingSavingsOk(BookingExecutorTest.java:40)
</failure>
  </testcase>
</testsuite>